[0.008s] Invoking command in '/home/adil/Masaüstü/mysimrobot/build/mysimrobot': CMAKE_PREFIX_PATH=${CMAKE_PREFIX_PATH}:/opt/ros/humble /usr/bin/cmake /home/adil/Masaüstü/mysimrobot -DCMAKE_INSTALL_PREFIX=/home/adil/Masaüstü/mysimrobot/install/mysimrobot
[0.051s] -- The C compiler identification is GNU 11.4.0
[0.096s] -- The CXX compiler identification is GNU 11.4.0
[0.101s] -- Detecting C compiler ABI info
[0.157s] -- Detecting C compiler ABI info - done
[0.162s] -- Check for working C compiler: /usr/bin/cc - skipped
[0.162s] -- Detecting C compile features
[0.162s] -- Detecting C compile features - done
[0.164s] -- Detecting CXX compiler ABI info
[0.227s] -- Detecting CXX compiler ABI info - done
[0.232s] -- Check for working CXX compiler: /usr/bin/c++ - skipped
[0.232s] -- Detecting CXX compile features
[0.233s] -- Detecting CXX compile features - done
[0.235s] -- Found ament_cmake: 1.3.12 (/opt/ros/humble/share/ament_cmake/cmake)
[0.349s] -- Found Python3: /usr/bin/python3 (found version "3.10.12") found components: Interpreter 
[0.423s] -- Found ament_lint_auto: 0.12.14 (/opt/ros/humble/share/ament_lint_auto/cmake)
[0.486s] -- Added test 'copyright' to check source files copyright and LICENSE
[0.491s] -- Added test 'cppcheck' to perform static code analysis on C / C++ code
[0.491s] -- Configured cppcheck include dirs: 
[0.491s] -- Configured cppcheck exclude dirs and/or files: 
[0.497s] -- Added test 'cpplint' to check C / C++ code against the Google style
[0.497s] -- Configured cpplint exclude dirs and/or files: 
[0.498s] -- Added test 'flake8' to check Python code syntax and style conventions
[0.499s] -- Added test 'lint_cmake' to check CMake code style
[0.500s] -- Added test 'pep257' to check Python code against some of the docstring style conventions in PEP 257
[0.506s] -- Added test 'uncrustify' to check C / C++ code style
[0.506s] -- Configured uncrustify additional arguments: 
[0.507s] -- Added test 'xmllint' to check XML markup files
[0.508s] -- Configuring done
[0.511s] -- Generating done
[0.512s] -- Build files have been written to: /home/adil/Masaüstü/mysimrobot/build/mysimrobot
[0.516s] Invoked command in '/home/adil/Masaüstü/mysimrobot/build/mysimrobot' returned '0': CMAKE_PREFIX_PATH=${CMAKE_PREFIX_PATH}:/opt/ros/humble /usr/bin/cmake /home/adil/Masaüstü/mysimrobot -DCMAKE_INSTALL_PREFIX=/home/adil/Masaüstü/mysimrobot/install/mysimrobot
[0.517s] Invoking command in '/home/adil/Masaüstü/mysimrobot/build/mysimrobot': CMAKE_PREFIX_PATH=${CMAKE_PREFIX_PATH}:/opt/ros/humble /usr/bin/cmake --build /home/adil/Masaüstü/mysimrobot/build/mysimrobot -- -j16 -l16
[0.549s] Invoked command in '/home/adil/Masaüstü/mysimrobot/build/mysimrobot' returned '0': CMAKE_PREFIX_PATH=${CMAKE_PREFIX_PATH}:/opt/ros/humble /usr/bin/cmake --build /home/adil/Masaüstü/mysimrobot/build/mysimrobot -- -j16 -l16
[0.557s] Invoking command in '/home/adil/Masaüstü/mysimrobot/build/mysimrobot': CMAKE_PREFIX_PATH=${CMAKE_PREFIX_PATH}:/opt/ros/humble /usr/bin/cmake --install /home/adil/Masaüstü/mysimrobot/build/mysimrobot
[0.563s] -- Install configuration: ""
[0.563s] -- Installing: /home/adil/Masaüstü/mysimrobot/install/mysimrobot/share/mysimrobot/config
[0.563s] -- Installing: /home/adil/Masaüstü/mysimrobot/install/mysimrobot/share/mysimrobot/config/joystick.yaml
[0.563s] -- Installing: /home/adil/Masaüstü/mysimrobot/install/mysimrobot/share/mysimrobot/config/twist_mux.yaml
[0.563s] -- Installing: /home/adil/Masaüstü/mysimrobot/install/mysimrobot/share/mysimrobot/config/mapper_params_online_async.yaml
[0.563s] -- Installing: /home/adil/Masaüstü/mysimrobot/install/mysimrobot/share/mysimrobot/config/my_controllers.yaml
[0.563s] -- Installing: /home/adil/Masaüstü/mysimrobot/install/mysimrobot/share/mysimrobot/config/nav2_params.yaml
[0.563s] -- Installing: /home/adil/Masaüstü/mysimrobot/install/mysimrobot/share/mysimrobot/config/gazebo_params.yaml
[0.564s] -- Installing: /home/adil/Masaüstü/mysimrobot/install/mysimrobot/share/mysimrobot/config/main.rviz
[0.564s] -- Installing: /home/adil/Masaüstü/mysimrobot/install/mysimrobot/share/mysimrobot/config/map.rviz
[0.564s] -- Installing: /home/adil/Masaüstü/mysimrobot/install/mysimrobot/share/mysimrobot/description
[0.564s] -- Installing: /home/adil/Masaüstü/mysimrobot/install/mysimrobot/share/mysimrobot/description/robot_core.xacro
[0.564s] -- Installing: /home/adil/Masaüstü/mysimrobot/install/mysimrobot/share/mysimrobot/description/gazebo_control.xacro
[0.564s] -- Installing: /home/adil/Masaüstü/mysimrobot/install/mysimrobot/share/mysimrobot/description/robot.urdf.xacro
[0.564s] -- Installing: /home/adil/Masaüstü/mysimrobot/install/mysimrobot/share/mysimrobot/description/depth_camera.xacro
[0.564s] -- Installing: /home/adil/Masaüstü/mysimrobot/install/mysimrobot/share/mysimrobot/description/inertial_macros.xacro
[0.564s] -- Installing: /home/adil/Masaüstü/mysimrobot/install/mysimrobot/share/mysimrobot/description/face.xacro
[0.564s] -- Installing: /home/adil/Masaüstü/mysimrobot/install/mysimrobot/share/mysimrobot/description/lidar.xacro
[0.565s] -- Installing: /home/adil/Masaüstü/mysimrobot/install/mysimrobot/share/mysimrobot/description/ros2_control.xacro
[0.565s] -- Installing: /home/adil/Masaüstü/mysimrobot/install/mysimrobot/share/mysimrobot/launch
[0.565s] -- Installing: /home/adil/Masaüstü/mysimrobot/install/mysimrobot/share/mysimrobot/launch/rsp.launch.py
[0.565s] -- Installing: /home/adil/Masaüstü/mysimrobot/install/mysimrobot/share/mysimrobot/launch/localization_launch.py
[0.565s] -- Installing: /home/adil/Masaüstü/mysimrobot/install/mysimrobot/share/mysimrobot/launch/joystick.launch.py
[0.565s] -- Installing: /home/adil/Masaüstü/mysimrobot/install/mysimrobot/share/mysimrobot/launch/online_async_launch.py
[0.565s] -- Installing: /home/adil/Masaüstü/mysimrobot/install/mysimrobot/share/mysimrobot/launch/navigation_launch.py
[0.565s] -- Installing: /home/adil/Masaüstü/mysimrobot/install/mysimrobot/share/mysimrobot/launch/launch_sim.launch.py
[0.565s] -- Installing: /home/adil/Masaüstü/mysimrobot/install/mysimrobot/share/mysimrobot/worlds
[0.565s] -- Installing: /home/adil/Masaüstü/mysimrobot/install/mysimrobot/share/mysimrobot/worlds/empty.world
[0.565s] -- Installing: /home/adil/Masaüstü/mysimrobot/install/mysimrobot/share/mysimrobot/worlds/obstacles.world
[0.566s] -- Installing: /home/adil/Masaüstü/mysimrobot/install/mysimrobot/share/ament_index/resource_index/package_run_dependencies/mysimrobot
[0.566s] -- Installing: /home/adil/Masaüstü/mysimrobot/install/mysimrobot/share/ament_index/resource_index/parent_prefix_path/mysimrobot
[0.566s] -- Installing: /home/adil/Masaüstü/mysimrobot/install/mysimrobot/share/mysimrobot/environment/ament_prefix_path.sh
[0.566s] -- Installing: /home/adil/Masaüstü/mysimrobot/install/mysimrobot/share/mysimrobot/environment/ament_prefix_path.dsv
[0.566s] -- Installing: /home/adil/Masaüstü/mysimrobot/install/mysimrobot/share/mysimrobot/environment/path.sh
[0.566s] -- Installing: /home/adil/Masaüstü/mysimrobot/install/mysimrobot/share/mysimrobot/environment/path.dsv
[0.567s] -- Installing: /home/adil/Masaüstü/mysimrobot/install/mysimrobot/share/mysimrobot/local_setup.bash
[0.567s] -- Installing: /home/adil/Masaüstü/mysimrobot/install/mysimrobot/share/mysimrobot/local_setup.sh
[0.567s] -- Installing: /home/adil/Masaüstü/mysimrobot/install/mysimrobot/share/mysimrobot/local_setup.zsh
[0.567s] -- Installing: /home/adil/Masaüstü/mysimrobot/install/mysimrobot/share/mysimrobot/local_setup.dsv
[0.567s] -- Installing: /home/adil/Masaüstü/mysimrobot/install/mysimrobot/share/mysimrobot/package.dsv
[0.567s] -- Installing: /home/adil/Masaüstü/mysimrobot/install/mysimrobot/share/ament_index/resource_index/packages/mysimrobot
[0.567s] -- Installing: /home/adil/Masaüstü/mysimrobot/install/mysimrobot/share/mysimrobot/cmake/mysimrobotConfig.cmake
[0.567s] -- Installing: /home/adil/Masaüstü/mysimrobot/install/mysimrobot/share/mysimrobot/cmake/mysimrobotConfig-version.cmake
[0.568s] -- Installing: /home/adil/Masaüstü/mysimrobot/install/mysimrobot/share/mysimrobot/package.xml
[0.569s] Invoked command in '/home/adil/Masaüstü/mysimrobot/build/mysimrobot' returned '0': CMAKE_PREFIX_PATH=${CMAKE_PREFIX_PATH}:/opt/ros/humble /usr/bin/cmake --install /home/adil/Masaüstü/mysimrobot/build/mysimrobot
