[0.082s] DEBUG:colcon:Command line arguments: ['/usr/bin/colcon', 'build']
[0.083s] DEBUG:colcon:Parsed command line arguments: Namespace(log_base=None, log_level=None, verb_name='build', build_base='build', install_base='install', merge_install=False, symlink_install=False, test_result_base=None, continue_on_error=False, executor='parallel', parallel_workers=16, event_handlers=None, ignore_user_meta=False, metas=['./colcon.meta'], base_paths=['.'], packages_ignore=None, packages_ignore_regex=None, paths=None, packages_up_to=None, packages_up_to_regex=None, packages_above=None, packages_above_and_dependencies=None, packages_above_depth=None, packages_select_by_dep=None, packages_skip_by_dep=None, packages_skip_up_to=None, packages_select_build_failed=False, packages_skip_build_finished=False, packages_select_test_failures=False, packages_skip_test_passed=False, packages_select=None, packages_skip=None, packages_select_regex=None, packages_skip_regex=None, packages_start=None, packages_end=None, allow_overriding=[], cmake_args=None, cmake_target=None, cmake_target_skip_unavailable=False, cmake_clean_cache=False, cmake_clean_first=False, cmake_force_configure=False, ament_cmake_args=None, catkin_cmake_args=None, catkin_skip_building_tests=False, mixin_files=None, mixin=None, verb_parser=<colcon_mixin.mixin.mixin_argument.MixinArgumentDecorator object at 0x7214be51ac20>, verb_extension=<colcon_core.verb.build.BuildVerb object at 0x7214be667be0>, main=<bound method BuildVerb.main of <colcon_core.verb.build.BuildVerb object at 0x7214be667be0>>, mixin_verb=('build',))
[0.226s] Level 1:colcon.colcon_core.package_discovery:discover_packages(colcon_meta) check parameters
[0.226s] Level 1:colcon.colcon_core.package_discovery:discover_packages(recursive) check parameters
[0.226s] Level 1:colcon.colcon_core.package_discovery:discover_packages(ignore) check parameters
[0.226s] Level 1:colcon.colcon_core.package_discovery:discover_packages(path) check parameters
[0.226s] Level 1:colcon.colcon_core.package_discovery:discover_packages(colcon_meta) discover
[0.226s] Level 1:colcon.colcon_core.package_discovery:discover_packages(recursive) discover
[0.226s] INFO:colcon.colcon_core.package_discovery:Crawling recursively for packages in '/home/adil/Masaüstü/mysimrobot'
[0.226s] Level 1:colcon.colcon_core.package_identification:_identify(.) by extensions ['ignore', 'ignore_ament_install']
[0.226s] Level 1:colcon.colcon_core.package_identification:_identify(.) by extension 'ignore'
[0.226s] Level 1:colcon.colcon_core.package_identification:_identify(.) by extension 'ignore_ament_install'
[0.226s] Level 1:colcon.colcon_core.package_identification:_identify(.) by extensions ['colcon_pkg']
[0.227s] Level 1:colcon.colcon_core.package_identification:_identify(.) by extension 'colcon_pkg'
[0.227s] Level 1:colcon.colcon_core.package_identification:_identify(.) by extensions ['colcon_meta']
[0.227s] Level 1:colcon.colcon_core.package_identification:_identify(.) by extension 'colcon_meta'
[0.227s] Level 1:colcon.colcon_core.package_identification:_identify(.) by extensions ['ros']
[0.227s] Level 1:colcon.colcon_core.package_identification:_identify(.) by extension 'ros'
[0.237s] DEBUG:colcon.colcon_core.package_identification:Package '.' with type 'ros.ament_cmake' and name 'mysimrobot'
[0.237s] Level 1:colcon.colcon_core.package_discovery:discover_packages(recursive) using defaults
[0.237s] Level 1:colcon.colcon_core.package_discovery:discover_packages(ignore) discover
[0.237s] Level 1:colcon.colcon_core.package_discovery:discover_packages(ignore) using defaults
[0.237s] Level 1:colcon.colcon_core.package_discovery:discover_packages(path) discover
[0.237s] Level 1:colcon.colcon_core.package_discovery:discover_packages(path) using defaults
[0.259s] Level 1:colcon.colcon_core.package_discovery:discover_packages(prefix_path) check parameters
[0.259s] Level 1:colcon.colcon_core.package_discovery:discover_packages(prefix_path) discover
[0.259s] WARNING:colcon.colcon_ros.prefix_path.ament:The path '/home/adil/Masaüstü/mysimrobot/install/mysimrobot' in the environment variable AMENT_PREFIX_PATH doesn't exist
[0.260s] WARNING:colcon.colcon_ros.prefix_path.catkin:The path '/home/adil/Masaüstü/mysimrobot/install/mysimrobot' in the environment variable CMAKE_PREFIX_PATH doesn't exist
[0.260s] DEBUG:colcon.colcon_installed_package_information.package_discovery:Found 0 installed packages in /home/adil/Masaüstü/mysimrobot/install
[0.260s] DEBUG:colcon.colcon_installed_package_information.package_discovery:Found 4 installed packages in /home/adil/vizanti/install
[0.262s] DEBUG:colcon.colcon_installed_package_information.package_discovery:Found 410 installed packages in /opt/ros/humble
[0.263s] Level 1:colcon.colcon_core.package_discovery:discover_packages(prefix_path) using defaults
[0.302s] Level 5:colcon.colcon_core.verb:set package 'mysimrobot' build argument 'cmake_args' from command line to 'None'
[0.302s] Level 5:colcon.colcon_core.verb:set package 'mysimrobot' build argument 'cmake_target' from command line to 'None'
[0.302s] Level 5:colcon.colcon_core.verb:set package 'mysimrobot' build argument 'cmake_target_skip_unavailable' from command line to 'False'
[0.302s] Level 5:colcon.colcon_core.verb:set package 'mysimrobot' build argument 'cmake_clean_cache' from command line to 'False'
[0.302s] Level 5:colcon.colcon_core.verb:set package 'mysimrobot' build argument 'cmake_clean_first' from command line to 'False'
[0.302s] Level 5:colcon.colcon_core.verb:set package 'mysimrobot' build argument 'cmake_force_configure' from command line to 'False'
[0.302s] Level 5:colcon.colcon_core.verb:set package 'mysimrobot' build argument 'ament_cmake_args' from command line to 'None'
[0.302s] Level 5:colcon.colcon_core.verb:set package 'mysimrobot' build argument 'catkin_cmake_args' from command line to 'None'
[0.302s] Level 5:colcon.colcon_core.verb:set package 'mysimrobot' build argument 'catkin_skip_building_tests' from command line to 'False'
[0.302s] DEBUG:colcon.colcon_core.verb:Building package 'mysimrobot' with the following arguments: {'ament_cmake_args': None, 'build_base': '/home/adil/Masaüstü/mysimrobot/build/mysimrobot', 'catkin_cmake_args': None, 'catkin_skip_building_tests': False, 'cmake_args': None, 'cmake_clean_cache': False, 'cmake_clean_first': False, 'cmake_force_configure': False, 'cmake_target': None, 'cmake_target_skip_unavailable': False, 'install_base': '/home/adil/Masaüstü/mysimrobot/install/mysimrobot', 'merge_install': False, 'path': '/home/adil/Masaüstü/mysimrobot', 'symlink_install': False, 'test_result_base': None}
[0.302s] INFO:colcon.colcon_core.executor:Executing jobs using 'parallel' executor
[0.303s] DEBUG:colcon.colcon_parallel_executor.executor.parallel:run_until_complete
[0.303s] INFO:colcon.colcon_ros.task.ament_cmake.build:Building ROS package in '/home/adil/Masaüstü/mysimrobot' with build type 'ament_cmake'
[0.303s] INFO:colcon.colcon_cmake.task.cmake.build:Building CMake package in '/home/adil/Masaüstü/mysimrobot'
[0.305s] INFO:colcon.colcon_core.plugin_system:Skipping extension 'colcon_core.shell.bat': Not used on non-Windows systems
[0.305s] INFO:colcon.colcon_core.shell:Skip shell extension 'powershell' for command environment: Not usable outside of PowerShell
[0.305s] DEBUG:colcon.colcon_core.shell:Skip shell extension 'dsv' for command environment
[0.312s] DEBUG:colcon.colcon_core.event_handler.log_command:Invoking command in '/home/adil/Masaüstü/mysimrobot/build/mysimrobot': CMAKE_PREFIX_PATH=${CMAKE_PREFIX_PATH}:/opt/ros/humble /usr/bin/cmake /home/adil/Masaüstü/mysimrobot -DCMAKE_INSTALL_PREFIX=/home/adil/Masaüstü/mysimrobot/install/mysimrobot
[0.819s] DEBUG:colcon.colcon_core.event_handler.log_command:Invoked command in '/home/adil/Masaüstü/mysimrobot/build/mysimrobot' returned '0': CMAKE_PREFIX_PATH=${CMAKE_PREFIX_PATH}:/opt/ros/humble /usr/bin/cmake /home/adil/Masaüstü/mysimrobot -DCMAKE_INSTALL_PREFIX=/home/adil/Masaüstü/mysimrobot/install/mysimrobot
[0.821s] DEBUG:colcon.colcon_core.event_handler.log_command:Invoking command in '/home/adil/Masaüstü/mysimrobot/build/mysimrobot': CMAKE_PREFIX_PATH=${CMAKE_PREFIX_PATH}:/opt/ros/humble /usr/bin/cmake --build /home/adil/Masaüstü/mysimrobot/build/mysimrobot -- -j16 -l16
[0.853s] DEBUG:colcon.colcon_core.event_handler.log_command:Invoked command in '/home/adil/Masaüstü/mysimrobot/build/mysimrobot' returned '0': CMAKE_PREFIX_PATH=${CMAKE_PREFIX_PATH}:/opt/ros/humble /usr/bin/cmake --build /home/adil/Masaüstü/mysimrobot/build/mysimrobot -- -j16 -l16
[0.861s] DEBUG:colcon.colcon_core.event_handler.log_command:Invoking command in '/home/adil/Masaüstü/mysimrobot/build/mysimrobot': CMAKE_PREFIX_PATH=${CMAKE_PREFIX_PATH}:/opt/ros/humble /usr/bin/cmake --install /home/adil/Masaüstü/mysimrobot/build/mysimrobot
[0.872s] Level 1:colcon.colcon_core.environment:create_environment_scripts_only(mysimrobot)
[0.873s] DEBUG:colcon.colcon_core.event_handler.log_command:Invoked command in '/home/adil/Masaüstü/mysimrobot/build/mysimrobot' returned '0': CMAKE_PREFIX_PATH=${CMAKE_PREFIX_PATH}:/opt/ros/humble /usr/bin/cmake --install /home/adil/Masaüstü/mysimrobot/build/mysimrobot
[0.874s] Level 1:colcon.colcon_core.environment:checking '/home/adil/Masaüstü/mysimrobot/install/mysimrobot' for CMake module files
[0.874s] Level 1:colcon.colcon_core.environment:checking '/home/adil/Masaüstü/mysimrobot/install/mysimrobot' for CMake config files
[0.875s] Level 1:colcon.colcon_core.shell:create_environment_hook('mysimrobot', 'cmake_prefix_path')
[0.875s] INFO:colcon.colcon_core.shell:Creating environment hook '/home/adil/Masaüstü/mysimrobot/install/mysimrobot/share/mysimrobot/hook/cmake_prefix_path.ps1'
[0.875s] INFO:colcon.colcon_core.shell:Creating environment descriptor '/home/adil/Masaüstü/mysimrobot/install/mysimrobot/share/mysimrobot/hook/cmake_prefix_path.dsv'
[0.876s] INFO:colcon.colcon_core.shell:Creating environment hook '/home/adil/Masaüstü/mysimrobot/install/mysimrobot/share/mysimrobot/hook/cmake_prefix_path.sh'
[0.876s] Level 1:colcon.colcon_core.environment:checking '/home/adil/Masaüstü/mysimrobot/install/mysimrobot/bin'
[0.876s] Level 1:colcon.colcon_core.environment:checking '/home/adil/Masaüstü/mysimrobot/install/mysimrobot/lib/pkgconfig/mysimrobot.pc'
[0.876s] Level 1:colcon.colcon_core.environment:checking '/home/adil/Masaüstü/mysimrobot/install/mysimrobot/lib/python3.10/site-packages'
[0.877s] Level 1:colcon.colcon_core.environment:checking '/home/adil/Masaüstü/mysimrobot/install/mysimrobot/bin'
[0.877s] INFO:colcon.colcon_core.shell:Creating package script '/home/adil/Masaüstü/mysimrobot/install/mysimrobot/share/mysimrobot/package.ps1'
[0.877s] INFO:colcon.colcon_core.shell:Creating package descriptor '/home/adil/Masaüstü/mysimrobot/install/mysimrobot/share/mysimrobot/package.dsv'
[0.878s] INFO:colcon.colcon_core.shell:Creating package script '/home/adil/Masaüstü/mysimrobot/install/mysimrobot/share/mysimrobot/package.sh'
[0.878s] INFO:colcon.colcon_core.shell:Creating package script '/home/adil/Masaüstü/mysimrobot/install/mysimrobot/share/mysimrobot/package.bash'
[0.879s] INFO:colcon.colcon_core.shell:Creating package script '/home/adil/Masaüstü/mysimrobot/install/mysimrobot/share/mysimrobot/package.zsh'
[0.879s] Level 1:colcon.colcon_core.environment:create_file_with_runtime_dependencies(/home/adil/Masaüstü/mysimrobot/install/mysimrobot/share/colcon-core/packages/mysimrobot)
[0.880s] Level 1:colcon.colcon_core.environment:create_environment_scripts_only(mysimrobot)
[0.880s] Level 1:colcon.colcon_core.environment:checking '/home/adil/Masaüstü/mysimrobot/install/mysimrobot' for CMake module files
[0.880s] Level 1:colcon.colcon_core.environment:checking '/home/adil/Masaüstü/mysimrobot/install/mysimrobot' for CMake config files
[0.880s] Level 1:colcon.colcon_core.shell:create_environment_hook('mysimrobot', 'cmake_prefix_path')
[0.880s] INFO:colcon.colcon_core.shell:Creating environment hook '/home/adil/Masaüstü/mysimrobot/install/mysimrobot/share/mysimrobot/hook/cmake_prefix_path.ps1'
[0.881s] INFO:colcon.colcon_core.shell:Creating environment descriptor '/home/adil/Masaüstü/mysimrobot/install/mysimrobot/share/mysimrobot/hook/cmake_prefix_path.dsv'
[0.881s] INFO:colcon.colcon_core.shell:Creating environment hook '/home/adil/Masaüstü/mysimrobot/install/mysimrobot/share/mysimrobot/hook/cmake_prefix_path.sh'
[0.881s] Level 1:colcon.colcon_core.environment:checking '/home/adil/Masaüstü/mysimrobot/install/mysimrobot/bin'
[0.881s] Level 1:colcon.colcon_core.environment:checking '/home/adil/Masaüstü/mysimrobot/install/mysimrobot/lib/pkgconfig/mysimrobot.pc'
[0.881s] Level 1:colcon.colcon_core.environment:checking '/home/adil/Masaüstü/mysimrobot/install/mysimrobot/lib/python3.10/site-packages'
[0.882s] Level 1:colcon.colcon_core.environment:checking '/home/adil/Masaüstü/mysimrobot/install/mysimrobot/bin'
[0.882s] INFO:colcon.colcon_core.shell:Creating package script '/home/adil/Masaüstü/mysimrobot/install/mysimrobot/share/mysimrobot/package.ps1'
[0.882s] INFO:colcon.colcon_core.shell:Creating package descriptor '/home/adil/Masaüstü/mysimrobot/install/mysimrobot/share/mysimrobot/package.dsv'
[0.883s] INFO:colcon.colcon_core.shell:Creating package script '/home/adil/Masaüstü/mysimrobot/install/mysimrobot/share/mysimrobot/package.sh'
[0.883s] INFO:colcon.colcon_core.shell:Creating package script '/home/adil/Masaüstü/mysimrobot/install/mysimrobot/share/mysimrobot/package.bash'
[0.883s] INFO:colcon.colcon_core.shell:Creating package script '/home/adil/Masaüstü/mysimrobot/install/mysimrobot/share/mysimrobot/package.zsh'
[0.884s] Level 1:colcon.colcon_core.environment:create_file_with_runtime_dependencies(/home/adil/Masaüstü/mysimrobot/install/mysimrobot/share/colcon-core/packages/mysimrobot)
[0.884s] DEBUG:colcon.colcon_parallel_executor.executor.parallel:closing loop
[0.884s] DEBUG:colcon.colcon_parallel_executor.executor.parallel:loop closed
[0.884s] DEBUG:colcon.colcon_parallel_executor.executor.parallel:run_until_complete finished with '0'
[0.884s] DEBUG:colcon.colcon_core.event_reactor:joining thread
[0.888s] INFO:colcon.colcon_core.plugin_system:Skipping extension 'colcon_notification.desktop_notification.terminal_notifier': Not used on non-Darwin systems
[0.888s] INFO:colcon.colcon_core.plugin_system:Skipping extension 'colcon_notification.desktop_notification.win32': Not used on non-Windows systems
[0.888s] INFO:colcon.colcon_notification.desktop_notification:Sending desktop notification using 'notify2'
[0.898s] DEBUG:colcon.colcon_core.event_reactor:joined thread
[0.898s] INFO:colcon.colcon_core.shell:Creating prefix script '/home/adil/Masaüstü/mysimrobot/install/local_setup.ps1'
[0.899s] INFO:colcon.colcon_core.shell:Creating prefix util module '/home/adil/Masaüstü/mysimrobot/install/_local_setup_util_ps1.py'
[0.900s] INFO:colcon.colcon_core.shell:Creating prefix chain script '/home/adil/Masaüstü/mysimrobot/install/setup.ps1'
[0.901s] INFO:colcon.colcon_core.shell:Creating prefix script '/home/adil/Masaüstü/mysimrobot/install/local_setup.sh'
[0.901s] INFO:colcon.colcon_core.shell:Creating prefix util module '/home/adil/Masaüstü/mysimrobot/install/_local_setup_util_sh.py'
[0.902s] INFO:colcon.colcon_core.shell:Creating prefix chain script '/home/adil/Masaüstü/mysimrobot/install/setup.sh'
[0.902s] INFO:colcon.colcon_core.shell:Creating prefix script '/home/adil/Masaüstü/mysimrobot/install/local_setup.bash'
[0.903s] INFO:colcon.colcon_core.shell:Creating prefix chain script '/home/adil/Masaüstü/mysimrobot/install/setup.bash'
[0.903s] INFO:colcon.colcon_core.shell:Creating prefix script '/home/adil/Masaüstü/mysimrobot/install/local_setup.zsh'
[0.904s] INFO:colcon.colcon_core.shell:Creating prefix chain script '/home/adil/Masaüstü/mysimrobot/install/setup.zsh'
